#
# There is insufficient memory for the Java Runtime Environment to continue.
# Native memory allocation (malloc) failed to allocate 3366296 bytes. Error detail: Chunk::new
# Possible reasons:
#   The system is out of physical RAM or swap space
#   This process is running with CompressedOops enabled, and the Java Heap may be blocking the growth of the native heap
# Possible solutions:
#   Reduce memory load on the system
#   Increase physical memory or swap space
#   Check if swap backing store is full
#   Decrease Java heap size (-Xmx/-Xms)
#   Decrease number of Java threads
#   Decrease Java thread stack sizes (-Xss)
#   Set larger code cache with -XX:ReservedCodeCacheSize=
#   JVM is running with Zero Based Compressed Oops mode in which the Java heap is
#     placed in the first 32GB address space. The Java Heap base address is the
#     maximum limit for the native heap growth. Please use -XX:HeapBaseMinAddress
#     to set the Java Heap base and to place the Java Heap above 32GB virtual address.
# This output file may be truncated or incomplete.
#
#  Out of Memory Error (arena.cpp:193), pid=54568, tid=32552
#
# JRE version: OpenJDK Runtime Environment (26.0+35) (build 26+35-2893)
# Java VM: OpenJDK 64-Bit Server VM (26+35-2893, mixed mode, sharing, tiered, compressed oops, compressed class ptrs, g1 gc, windows-amd64)
# No core dump will be written. Minidumps are not enabled by default on client versions of Windows
#

---------------  S U M M A R Y ------------

Command Line: -javaagent:C:\Program Files\JetBrains\IntelliJ IDEA 2026.1\lib\idea_rt.jar=50449 -Dfile.encoding=UTF-8 -Dsun.stdout.encoding=UTF-8 -Dsun.stderr.encoding=UTF-8 com.catering.catersync.CaterSyncApplication

Host: 13th Gen Intel(R) Core(TM) i7-1355U, 12 cores, 15G,  Windows 11 , 64 bit Build 26100 (10.0.26100.8246)
Time: Wed May  6 20:55:21 2026 India Standard Time elapsed time: 1.161244 seconds (0d 0h 0m 1s)

---------------  T H R E A D  ---------------

Current thread (0x0000018d16e37280):  JavaThread "C2 CompilerThread1" daemon [_thread_in_native, id=32552, stack(0x0000000dbf300000,0x0000000dbf400000) (1024K)]


Current CompileTask:
C2:1161 2690 %     4       java.util.Properties::loadConvert @ 8 (540 bytes)

Stack: [0x0000000dbf300000,0x0000000dbf400000]
Native frames: (J=compiled Java code, j=interpreted, Vv=VM code, C=native code)
V  [jvm.dll+0x7d5719]  (no source info available)
V  [jvm.dll+0x7a367d]  (no source info available)
V  [jvm.dll+0x9b0aa0]  (no source info available)
V  [jvm.dll+0x9b2ef1]  (no source info available)
V  [jvm.dll+0x9b3603]  (no source info available)
V  [jvm.dll+0x30de86]  (no source info available)
V  [jvm.dll+0x11d7c6]  (no source info available)
V  [jvm.dll+0x11daee]  (no source info available)
V  [jvm.dll+0x1afb06]  (no source info available)
V  [jvm.dll+0x3ca732]  (no source info available)
V  [jvm.dll+0x7de302]  (no source info available)
V  [jvm.dll+0x2d1557]  (no source info available)
V  [jvm.dll+0x2d04cf]  (no source info available)
V  [jvm.dll+0x246740]  (no source info available)
V  [jvm.dll+0x2e05ec]  (no source info available)
V  [jvm.dll+0x2de7cd]  (no source info available)
V  [jvm.dll+0x4a3f01]  (no source info available)
V  [jvm.dll+0x94f4e9]  (no source info available)
V  [jvm.dll+0x7d71f8]  (no source info available)
C  [ucrtbase.dll+0x37b0]  (no source info available)
C  [KERNEL32.DLL+0x2e8d7]  (no source info available)
C  [ntdll.dll+0x8c3fc]  (no source info available)

Lock stack of current Java thread (top to bottom):


---------------  P R O C E S S  ---------------

Threads class SMR info:
_java_thread_list=0x0000018d1c9b72e0, length=15, elements={
0x0000018d7652c280, 0x0000018d7f9d7b40, 0x0000018d7f9d8590, 0x0000018d7f9d93e0,
0x0000018d7f9db0d0, 0x0000018d7f9dddc0, 0x0000018d7f9e0980, 0x0000018d7fa0dd70,
0x0000018d7fa0f580, 0x0000018d16d788a0, 0x0000018d16e37280, 0x0000018d1b3228e0,
0x0000018d1b323090, 0x0000018d1be2f260, 0x0000018d1ca461d0
}

Java Threads: ( => current thread )
  0x0000018d7652c280 JavaThread "main"                              [_thread_in_native, id=15772, stack(0x0000000dbe100000,0x0000000dbe200000) (1024K)]
  0x0000018d7f9d7b40 JavaThread "Reference Handler"          daemon [_thread_blocked, id=42884, stack(0x0000000dbea00000,0x0000000dbeb00000) (1024K)]
  0x0000018d7f9d8590 JavaThread "Finalizer"                  daemon [_thread_blocked, id=41100, stack(0x0000000dbeb00000,0x0000000dbec00000) (1024K)]
  0x0000018d7f9d93e0 JavaThread "Signal Dispatcher"          daemon [_thread_blocked, id=41816, stack(0x0000000dbec00000,0x0000000dbed00000) (1024K)]
  0x0000018d7f9db0d0 JavaThread "Attach Listener"            daemon [_thread_blocked, id=39508, stack(0x0000000dbed00000,0x0000000dbee00000) (1024K)]
  0x0000018d7f9dddc0 JavaThread "Service Thread"             daemon [_thread_blocked, id=8916, stack(0x0000000dbee00000,0x0000000dbef00000) (1024K)]
  0x0000018d7f9e0980 JavaThread "Monitor Deflation Thread"   daemon [_thread_blocked, id=41000, stack(0x0000000dbef00000,0x0000000dbf000000) (1024K)]
  0x0000018d7fa0dd70 JavaThread "C2 CompilerThread0"         daemon [_thread_in_native, id=44984, stack(0x0000000dbf000000,0x0000000dbf100000) (1024K)]
  0x0000018d7fa0f580 JavaThread "C1 CompilerThread0"         daemon [_thread_in_native, id=15372, stack(0x0000000dbf100000,0x0000000dbf200000) (1024K)]
  0x0000018d16d788a0 JavaThread "Common-Cleaner"             daemon [_thread_blocked, id=26952, stack(0x0000000dbf200000,0x0000000dbf300000) (1024K)]
=>0x0000018d16e37280 JavaThread "C2 CompilerThread1"         daemon [_thread_in_native, id=32552, stack(0x0000000dbf300000,0x0000000dbf400000) (1024K)]
  0x0000018d1b3228e0 JavaThread "Monitor Ctrl-Break"         daemon [_thread_in_native, id=52360, stack(0x0000000dbf500000,0x0000000dbf600000) (1024K)]
  0x0000018d1b323090 JavaThread "Notification Thread"        daemon [_thread_blocked, id=22776, stack(0x0000000dbf600000,0x0000000dbf700000) (1024K)]
  0x0000018d1be2f260 JavaThread "background-preinit"                [_thread_in_vm, id=47800, stack(0x0000000dbfa00000,0x0000000dbfb00000) (1024K)]
  0x0000018d1ca461d0 JavaThread "C2 CompilerThread2"         daemon [_thread_in_native, id=43144, stack(0x0000000dc0200000,0x0000000dc0300000) (1024K)]
Total: 15

Other Threads:
  0x0000018d7f9c60f0 VMThread "VM Thread"                           [id=16356, stack(0x0000000dbe900000,0x0000000dbea00000) (1024K)]
  0x0000018d7f9b69c0 WatcherThread "VM Periodic Task Thread"        [id=16368, stack(0x0000000dbe800000,0x0000000dbe900000) (1024K)]
  0x0000018d7657dad0 WorkerThread "GC Thread#0"                     [id=46928, stack(0x0000000dbe200000,0x0000000dbe300000) (1024K)]
  0x0000018d1b02c0e0 WorkerThread "GC Thread#1"                     [id=15236, stack(0x0000000dbf400000,0x0000000dbf500000) (1024K)]
  0x0000018d1bb51650 WorkerThread "GC Thread#2"                     [id=33976, stack(0x0000000dbf700000,0x0000000dbf800000) (1024K)]
  0x0000018d1bb52790 WorkerThread "GC Thread#3"                     [id=24656, stack(0x0000000dbf800000,0x0000000dbf900000) (1024K)]
  0x0000018d1bb50db0 WorkerThread "GC Thread#4"                     [id=40648, stack(0x0000000dbf900000,0x0000000dbfa00000) (1024K)]
  0x0000018d1bb500c0 WorkerThread "GC Thread#5"                     [id=32644, stack(0x0000000dbfb00000,0x0000000dbfc00000) (1024K)]
  0x0000018d1c06d0e0 WorkerThread "GC Thread#6"                     [id=44048, stack(0x0000000dbfc00000,0x0000000dbfd00000) (1024K)]
  0x0000018d1c06c3f0 WorkerThread "GC Thread#7"                     [id=15192, stack(0x0000000dbfd00000,0x0000000dbfe00000) (1024K)]
  0x0000018d1c069480 WorkerThread "GC Thread#8"                     [id=15296, stack(0x0000000dbfe00000,0x0000000dbff00000) (1024K)]
  0x0000018d1c06d530 WorkerThread "GC Thread#9"                     [id=52468, stack(0x0000000dbff00000,0x0000000dc0000000) (1024K)]
  0x0000018d765d4b80 ConcurrentGCThread "G1 Main Marker"            [id=42080, stack(0x0000000dbe300000,0x0000000dbe400000) (1024K)]
  0x0000018d765d5700 WorkerThread "G1 Conc#0"                       [id=2292, stack(0x0000000dbe400000,0x0000000dbe500000) (1024K)]
  0x0000018d1c06a5c0 WorkerThread "G1 Conc#1"                       [id=29444, stack(0x0000000dc0000000,0x0000000dc0100000) (1024K)]
  0x0000018d1c06d980 WorkerThread "G1 Conc#2"                       [id=7668, stack(0x0000000dc0100000,0x0000000dc0200000) (1024K)]
  0x0000018d7f88c2c0 WorkerThread "G1 Refinement Workers#0"         [id=39004, stack(0x0000000dbe600000,0x0000000dbe700000) (1024K)]
  0x0000018d765de9b0 ConcurrentGCThread "G1 Refine Control"         [id=51932, stack(0x0000000dbe500000,0x0000000dbe600000) (1024K)]
  0x0000018d7f88cc30 ConcurrentGCThread "G1 Service"                [id=52372, stack(0x0000000dbe700000,0x0000000dbe800000) (1024K)]
Total: 19

Threads with active compile tasks:
C2 CompilerThread0  1204 2676   !   4       java.net.URL::<init> (523 bytes)
C1 CompilerThread0  1204 2768       3       java.lang.invoke.Invokers$Holder::linkToTargetMethod (9 bytes)
C2 CompilerThread1  1204 2690 %     4       java.util.Properties::loadConvert @ 8 (540 bytes)
C2 CompilerThread2  1204 2735       4       java.io.WinNTFileSystem::normalize (148 bytes)
Total: 4

VM state: not at safepoint (normal execution)

VM Mutex/Monitor currently owned by a thread:  ([mutex/lock_event])
[0x00007fff461bd688] MethodCompileQueue_lock - owner thread: 0x0000000000000000

Heap address: 0x0000000704e00000, size: 4018 MB, Compressed Oops mode: Zero based, Oop shift amount: 3

CDS archive(s) mapped at: [0x000000000e000000-0x000000000ede0000-0x000000000ede0000), size 14548992, SharedBaseAddress: 0x000000000e000000, ArchiveRelocationMode: 1.
Compressed class space mapped at: 0x000000000f000000-0x000000004f000000, reserved size: 1073741824
UseCompressedClassPointers 1, UseCompactObjectHeaders 0
Narrow klass pointer bits 32, Max shift 3
Narrow klass base: 0x000000000e000000, Narrow klass shift: 0
Encoding Range: [0x000000000e000000 - 0x000000010e000000), (4294967296 bytes)
Klass Range:    [0x000000000e000000 - 0x000000004f000000), (1090519040 bytes)
Klass ID Range:  [8 - 1090519033) (1090519025)
Protection zone: [0x000000000e000000 - 0x000000000e010000), (65536 bytes)

GC Precious Log:
 CardTable entry size: 512
 Card Set container configuration: InlinePtr #cards 4 size 8 Array Of Cards #cards 16 size 48 Howl #buckets 8 coarsen threshold 3686 Howl Bitmap #cards 512 size 80 coarsen threshold 460 Card regions per heap region 1 cards per card region 4096
 CPUs: 12 total, 12 available
 Memory: 16067M
 Large Page Support: Disabled
 NUMA Support: Disabled
 Compressed Oops: Enabled (Zero based)
 Heap Region Size: 2M
 Heap Min Capacity: 8M
 Heap Initial Capacity: 8M
 Heap Max Capacity: 4018M
 Pre-touch: Disabled
 Parallel Workers: 10
 Concurrent Workers: 3
 Concurrent Refinement Workers: 10
 Periodic GC: Disabled

Heap:
 garbage-first heap   total reserved 4114432K, committed 110592K, used 26341K [0x0000000704e00000, 0x0000000800000000)
  region size 2M, 6 eden (12M), 3 survivor (6M), 6 old (12M), 0 humongous (0M), 39 free (78M)

Heap Regions: E=young(eden), S=young(survivor), O=old, HS=humongous(starts), HC=humongous(continues), CS=collection set, F=free, TAMS=top-at-mark-start, PB=parsable bottom
|    0|0x0000000704e00000, 0x0000000705000000, 0x0000000705000000|100%| O|  |TAMS 0x0000000704e00000| PB 0x0000000704e00000| Untracked |  0
|    1|0x0000000705000000, 0x00000007051de9e8, 0x0000000705200000| 93%| O|  |TAMS 0x0000000705000000| PB 0x0000000705000000| Untracked |  0
|    2|0x0000000705200000, 0x0000000705400000, 0x0000000705400000|100%| O|  |TAMS 0x0000000705200000| PB 0x0000000705200000| Untracked |  0
|    3|0x0000000705400000, 0x0000000705400000, 0x0000000705600000|  0%| F|  |TAMS 0x0000000705400000| PB 0x0000000705400000| Untracked |  0
|    4|0x0000000705600000, 0x0000000705600000, 0x0000000705800000|  0%| F|  |TAMS 0x0000000705600000| PB 0x0000000705600000| Untracked |  0
|    5|0x0000000705800000, 0x0000000705800000, 0x0000000705a00000|  0%| F|  |TAMS 0x0000000705800000| PB 0x0000000705800000| Untracked |  0
|    6|0x0000000705a00000, 0x0000000705a00000, 0x0000000705c00000|  0%| F|  |TAMS 0x0000000705a00000| PB 0x0000000705a00000| Untracked |  0
|    7|0x0000000705c00000, 0x0000000705c00000, 0x0000000705e00000|  0%| F|  |TAMS 0x0000000705c00000| PB 0x0000000705c00000| Untracked |  0
|    8|0x0000000705e00000, 0x0000000705e00000, 0x0000000706000000|  0%| F|  |TAMS 0x0000000705e00000| PB 0x0000000705e00000| Untracked |  0
|    9|0x0000000706000000, 0x0000000706000000, 0x0000000706200000|  0%| F|  |TAMS 0x0000000706000000| PB 0x0000000706000000| Untracked |  0
|   10|0x0000000706200000, 0x0000000706200000, 0x0000000706400000|  0%| F|  |TAMS 0x0000000706200000| PB 0x0000000706200000| Untracked |  0
|   11|0x0000000706400000, 0x0000000706400000, 0x0000000706600000|  0%| F|  |TAMS 0x0000000706400000| PB 0x0000000706400000| Untracked |  0
|   12|0x0000000706600000, 0x0000000706600000, 0x0000000706800000|  0%| F|  |TAMS 0x0000000706600000| PB 0x0000000706600000| Untracked |  0
|   13|0x0000000706800000, 0x0000000706800000, 0x0000000706a00000|  0%| F|  |TAMS 0x0000000706800000| PB 0x0000000706800000| Untracked |  0
|   14|0x0000000706a00000, 0x0000000706a00000, 0x0000000706c00000|  0%| F|  |TAMS 0x0000000706a00000| PB 0x0000000706a00000| Untracked |  0
|   15|0x0000000706c00000, 0x0000000706c00000, 0x0000000706e00000|  0%| F|  |TAMS 0x0000000706c00000| PB 0x0000000706c00000| Untracked |  0
|   16|0x0000000706e00000, 0x0000000706e00000, 0x0000000707000000|  0%| F|  |TAMS 0x0000000706e00000| PB 0x0000000706e00000| Untracked |  0
|   17|0x0000000707000000, 0x0000000707000000, 0x0000000707200000|  0%| F|  |TAMS 0x0000000707000000| PB 0x0000000707000000| Untracked |  0
|   18|0x0000000707200000, 0x0000000707200000, 0x0000000707400000|  0%| F|  |TAMS 0x0000000707200000| PB 0x0000000707200000| Untracked |  0
|   19|0x0000000707400000, 0x0000000707400000, 0x0000000707600000|  0%| F|  |TAMS 0x0000000707400000| PB 0x0000000707400000| Untracked |  0
|   20|0x0000000707600000, 0x0000000707600000, 0x0000000707800000|  0%| F|  |TAMS 0x0000000707600000| PB 0x0000000707600000| Untracked |  0
|   21|0x0000000707800000, 0x0000000707800000, 0x0000000707a00000|  0%| F|  |TAMS 0x0000000707800000| PB 0x0000000707800000| Untracked |  0
|   22|0x0000000707a00000, 0x0000000707a00000, 0x0000000707c00000|  0%| F|  |TAMS 0x0000000707a00000| PB 0x0000000707a00000| Untracked |  0
|   23|0x0000000707c00000, 0x0000000707c00000, 0x0000000707e00000|  0%| F|  |TAMS 0x0000000707c00000| PB 0x0000000707c00000| Untracked |  0
|   24|0x0000000707e00000, 0x0000000707e00000, 0x0000000708000000|  0%| F|  |TAMS 0x0000000707e00000| PB 0x0000000707e00000| Untracked |  0
|   25|0x0000000708000000, 0x0000000708000000, 0x0000000708200000|  0%| F|  |TAMS 0x0000000708000000| PB 0x0000000708000000| Untracked |  0
|   26|0x0000000708200000, 0x0000000708200000, 0x0000000708400000|  0%| F|  |TAMS 0x0000000708200000| PB 0x0000000708200000| Untracked |  0
|   27|0x0000000708400000, 0x0000000708400000, 0x0000000708600000|  0%| F|  |TAMS 0x0000000708400000| PB 0x0000000708400000| Untracked |  0
|   28|0x0000000708600000, 0x0000000708600000, 0x0000000708800000|  0%| F|  |TAMS 0x0000000708600000| PB 0x0000000708600000| Untracked |  0
|   29|0x0000000708800000, 0x0000000708800000, 0x0000000708a00000|  0%| F|  |TAMS 0x0000000708800000| PB 0x0000000708800000| Untracked |  0
|   30|0x0000000708a00000, 0x0000000708a00000, 0x0000000708c00000|  0%| F|  |TAMS 0x0000000708a00000| PB 0x0000000708a00000| Untracked |  0
|   31|0x0000000708c00000, 0x0000000708d201b0, 0x0000000708e00000| 56%| S|CS|TAMS 0x0000000708c00000| PB 0x0000000708c00000| Complete  |  0
|   32|0x0000000708e00000, 0x0000000709000000, 0x0000000709000000|100%| S|CS|TAMS 0x0000000708e00000| PB 0x0000000708e00000| Complete  |  0
|   33|0x0000000709000000, 0x0000000709200000, 0x0000000709200000|100%| S|CS|TAMS 0x0000000709000000| PB 0x0000000709000000| Complete  |  0
|   34|0x0000000709200000, 0x0000000709392c20, 0x0000000709400000| 78%| O|Cr|TAMS 0x0000000709200000| PB 0x0000000709200000| Complete  |  0
|   35|0x0000000709400000, 0x0000000709400000, 0x0000000709600000|  0%| F|  |TAMS 0x0000000709400000| PB 0x0000000709400000| Untracked |  0
|   36|0x0000000709600000, 0x0000000709600000, 0x0000000709800000|  0%| F|  |TAMS 0x0000000709600000| PB 0x0000000709600000| Untracked |  0
|   37|0x0000000709800000, 0x0000000709800000, 0x0000000709a00000|  0%| F|  |TAMS 0x0000000709800000| PB 0x0000000709800000| Untracked |  0
|   38|0x0000000709a00000, 0x0000000709a00000, 0x0000000709c00000|  0%| F|  |TAMS 0x0000000709a00000| PB 0x0000000709a00000| Untracked |  0
|   39|0x0000000709c00000, 0x0000000709c00000, 0x0000000709e00000|  0%| F|  |TAMS 0x0000000709c00000| PB 0x0000000709c00000| Untracked |  0
|   40|0x0000000709e00000, 0x0000000709e00000, 0x000000070a000000|  0%| F|  |TAMS 0x0000000709e00000| PB 0x0000000709e00000| Untracked |  0
|   41|0x000000070a000000, 0x000000070a000000, 0x000000070a200000|  0%| F|  |TAMS 0x000000070a000000| PB 0x000000070a000000| Untracked |  0
|   42|0x000000070a200000, 0x000000070a200000, 0x000000070a400000|  0%| F|  |TAMS 0x000000070a200000| PB 0x000000070a200000| Untracked |  0
|   43|0x000000070a400000, 0x000000070a400000, 0x000000070a600000|  0%| F|  |TAMS 0x000000070a400000| PB 0x000000070a400000| Untracked |  0
|   44|0x000000070a600000, 0x000000070a600000, 0x000000070a800000|  0%| F|  |TAMS 0x000000070a600000| PB 0x000000070a600000| Untracked |  0
|   45|0x000000070a800000, 0x000000070a800000, 0x000000070aa00000|  0%| F|  |TAMS 0x000000070a800000| PB 0x000000070a800000| Untracked |  0
|   46|0x000000070aa00000, 0x000000070ab7c478, 0x000000070ac00000| 74%| E|CS|TAMS 0x000000070aa00000| PB 0x000000070aa00000| Complete  |  0
|   47|0x000000070ac00000, 0x000000070ae00000, 0x000000070ae00000|100%| E|CS|TAMS 0x000000070ac00000| PB 0x000000070ac00000| Complete  |  0
|   48|0x000000070ae00000, 0x000000070b000000, 0x000000070b000000|100%| E|CS|TAMS 0x000000070ae00000| PB 0x000000070ae00000| Complete  |  0
|   49|0x000000070b000000, 0x000000070b200000, 0x000000070b200000|100%| E|CS|TAMS 0x000000070b000000| PB 0x000000070b000000| Complete  |  0
|   50|0x000000070b200000, 0x000000070b400000, 0x000000070b400000|100%| E|CS|TAMS 0x000000070b200000| PB 0x000000070b200000| Complete  |  0
|   51|0x000000070b400000, 0x000000070b600000, 0x000000070b600000|100%| E|CS|TAMS 0x000000070b400000| PB 0x000000070b400000| Complete  |  0
| 2007|0x00000007ffc00000, 0x00000007ffe00000, 0x00000007ffe00000|100%| O|  |TAMS 0x00000007ffc00000| PB 0x00000007ffc00000| Untracked |  0
| 2008|0x00000007ffe00000, 0x00000007fff27e60, 0x0000000800000000| 57%| O|Cm|TAMS 0x00000007ffe00000| PB 0x00000007ffe00000| Complete  |  0

Card table byte_map: [0x0000018d0f7e0000,0x0000018d0ffc0000] _byte_map_base: 0x0000018d0bfb9000
Refinement table byte_map: [0x0000018d0ffc0000,0x0000018d107a0000] _byte_map_base: 0x0000018d0c799000

Marking Bits: (CMBitMap*) 0x0000018d7657e250
 Bits: [0x0000018d107a0000, 0x0000018d14668000)

Polling page: 0x0000018d743b0000

Metaspace:
Metaspace        used 23526K, committed 23808K, reserved 1114112K
 class space     used 2946K, committed 3072K, reserved 1048576K

Usage:
  Non-class:     20.10 MB used.
      Class:      2.88 MB used.
       Both:     22.98 MB used.

Virtual space:
  Non-class space:       64.00 MB reserved,      20.25 MB ( 32%) committed,  1 nodes.
      Class space:        1.00 GB reserved,       3.00 MB ( <1%) committed,  1 nodes.
             Both:        1.06 GB reserved,      23.25 MB (  2%) committed. 

Chunk freelists:
   Non-Class:  11.70 MB
       Class:  12.94 MB
        Both:  24.64 MB

MaxMetaspaceSize: unlimited
CompressedClassSpaceSize: 1.00 GB
Initial GC threshold: 21.00 MB
Current GC threshold: 35.25 MB
CDS: on
 - commit_granule_bytes: 65536.
 - commit_granule_words: 8192.
 - virtual_space_node_default_size: 8388608.
 - enlarge_chunks_in_place: 1.
UseCompressedClassPointers 1, UseCompactObjectHeaders 0
Narrow klass pointer bits 32, Max shift 3
Narrow klass base: 0x000000000e000000, Narrow klass shift: 0
Encoding Range: [0x000000000e000000 - 0x000000010e000000), (4294967296 bytes)
Klass Range:    [0x000000000e000000 - 0x000000004f000000), (1090519040 bytes)
Klass ID Range:  [8 - 1090519033) (1090519025)
Protection zone: [0x000000000e000000 - 0x000000000e010000), (65536 bytes)


Internal statistics:

num_allocs_failed_limit: 3.
num_arena_births: 226.
num_arena_deaths: 0.
num_vsnodes_births: 2.
num_vsnodes_deaths: 0.
num_space_committed: 372.
num_space_uncommitted: 0.
num_chunks_returned_to_freelist: 3.
num_chunks_taken_from_freelist: 1006.
num_chunk_merges: 3.
num_chunk_splits: 725.
num_chunks_enlarged: 587.
num_inconsistent_stats: 0.

CodeHeap 'non-profiled nmethods': size=120064Kb used=838Kb max_used=838Kb free=119226Kb
 bounds [0x0000018d07ac0000, 0x0000018d07d30000, 0x0000018d0f000000]
CodeHeap 'profiled nmethods': size=120000Kb used=4331Kb max_used=4331Kb free=115668Kb
 bounds [0x0000018d00000000, 0x0000018d00440000, 0x0000018d07530000]
CodeHeap 'non-nmethods': size=5696Kb used=1440Kb max_used=1485Kb free=4255Kb
 bounds [0x0000018d07530000, 0x0000018d077a0000, 0x0000018d07ac0000]
CodeCache: size=245760Kb, used=6609Kb, max_used=6654Kb, free=239149Kb
 total_blobs=3311, nmethods=2765, adapters=447, full_count=0
Compilation: enabled, stopped_count=0, restarted_count=0

Compilation events (20 events):
Event: 1.142 Thread 0x0000018d7fa0f580 2701       3       sun.net.www.ParseUtil::isLocalFileURL (56 bytes)
Event: 1.142 Thread 0x0000018d7fa0f580 nmethod 2701 0x0000018d0040dc88 code [0x0000018d0040dd80, 0x0000018d0040e440]
Event: 1.142 Thread 0x0000018d7fa0f580 2700       3       java.util.concurrent.ConcurrentHashMap::resizeStamp (9 bytes)
Event: 1.142 Thread 0x0000018d7fa0f580 nmethod 2700 0x0000018d0040e488 code [0x0000018d0040e580, 0x0000018d0040e690]
Event: 1.144 Thread 0x0000018d7fa0f580 2702       3       java.lang.invoke.DirectMethodHandle$Holder::invokeStatic (20 bytes)
Event: 1.144 Thread 0x0000018d7fa0f580 nmethod 2702 0x0000018d0040e788 code [0x0000018d0040e880, 0x0000018d0040ed68]
Event: 1.149 Thread 0x0000018d7fa0f580 2704       3       java.lang.Package::<init> (47 bytes)
Event: 1.149 Thread 0x0000018d7fa0f580 nmethod 2704 0x0000018d0040ed88 code [0x0000018d0040ee80, 0x0000018d0040f340]
Event: 1.149 Thread 0x0000018d7fa0f580 2705       3       java.lang.Package$VersionInfo::getInstance (53 bytes)
Event: 1.150 Thread 0x0000018d7fa0f580 nmethod 2705 0x0000018d0040f388 code [0x0000018d0040f480, 0x0000018d0040f7d8]
Event: 1.150 Thread 0x0000018d7fa0f580 2707       3       java.util.Properties::getProperty (50 bytes)
Event: 1.150 Thread 0x0000018d7fa0f580 nmethod 2707 0x0000018d0040f808 code [0x0000018d0040f900, 0x0000018d0040fd80]
Event: 1.150 Thread 0x0000018d7fa0f580 2706       3       java.lang.invoke.BoundMethodHandle$Species_LL::make (12 bytes)
Event: 1.150 Thread 0x0000018d7fa0f580 nmethod 2706 0x0000018d0040fd88 code [0x0000018d0040fe80, 0x0000018d00410140]
Event: 1.152 Thread 0x0000018d7fa0f580 2708  s    3       java.io.ByteArrayOutputStream::reset (6 bytes)
Event: 1.153 Thread 0x0000018d7fa0f580 nmethod 2708 0x0000018d00410188 code [0x0000018d00410280, 0x0000018d004104c8]
Event: 1.156 Thread 0x0000018d7fa0f580 2710   !   3       org.springframework.util.ClassUtils::forName (172 bytes)
Event: 1.158 Thread 0x0000018d7fa0f580 nmethod 2710 0x0000018d00410508 code [0x0000018d00410600, 0x0000018d004136c8]
Event: 1.158 Thread 0x0000018d7fa0f580 2711       3       org.springframework.util.ClassUtils::resolvePrimitiveClassName (30 bytes)
Event: 1.158 Thread 0x0000018d7fa0f580 nmethod 2711 0x0000018d00413708 code [0x0000018d00413800, 0x0000018d00413e10]

GC Heap Usage History (16 events):
Event: 0.163 {heap Before GC invocations=0 (full 0):
 garbage-first heap   total reserved 4114432K, committed 10240K, used 3231K [0x0000000704e00000, 0x0000000800000000)
  region size 2M, 2 eden (4M), 0 survivor (0M), 1 old (2M), 0 humongous (0M), 2 free (4M)
}
Event: 0.165 {heap After GC invocations=1 (full 0):
 garbage-first heap   total reserved 4114432K, committed 10240K, used 3571K [0x0000000704e00000, 0x0000000800000000)
  region size 2M, 0 eden (0M), 1 survivor (2M), 2 old (4M), 0 humongous (0M), 2 free (4M)
}
Event: 0.173 {heap Before GC invocations=1 (full 0):
 garbage-first heap   total reserved 4114432K, committed 10240K, used 3571K [0x0000000704e00000, 0x0000000800000000)
  region size 2M, 1 eden (2M), 1 survivor (2M), 2 old (4M), 0 humongous (0M), 1 free (2M)
}
Event: 0.175 {heap After GC invocations=2 (full 0):
 garbage-first heap   total reserved 4114432K, committed 12288K, used 5312K [0x0000000704e00000, 0x0000000800000000)
  region size 2M, 0 eden (0M), 1 survivor (2M), 3 old (6M), 0 humongous (0M), 2 free (4M)
}
Event: 0.192 {heap Before GC invocations=2 (full 0):
 garbage-first heap   total reserved 4114432K, committed 12288K, used 7360K [0x0000000704e00000, 0x0000000800000000)
  region size 2M, 1 eden (2M), 1 survivor (2M), 3 old (6M), 0 humongous (0M), 1 free (2M)
}
Event: 0.194 {heap After GC invocations=3 (full 0):
 garbage-first heap   total reserved 4114432K, committed 36864K, used 6953K [0x0000000704e00000, 0x0000000800000000)
  region size 2M, 0 eden (0M), 1 survivor (2M), 3 old (6M), 0 humongous (0M), 14 free (28M)
}
Event: 0.470 {heap Before GC invocations=3 (full 0):
 garbage-first heap   total reserved 4114432K, committed 36864K, used 15145K [0x0000000704e00000, 0x0000000800000000)
  region size 2M, 5 eden (10M), 1 survivor (2M), 3 old (6M), 0 humongous (0M), 9 free (18M)
}
Event: 0.473 {heap After GC invocations=4 (full 0):
 garbage-first heap   total reserved 4114432K, committed 36864K, used 8648K [0x0000000704e00000, 0x0000000800000000)
  region size 2M, 0 eden (0M), 1 survivor (2M), 4 old (8M), 0 humongous (0M), 13 free (26M)
}
Event: 0.627 {heap Before GC invocations=4 (full 0):
 garbage-first heap   total reserved 4114432K, committed 36864K, used 16840K [0x0000000704e00000, 0x0000000800000000)
  region size 2M, 4 eden (8M), 1 survivor (2M), 4 old (8M), 0 humongous (0M), 9 free (18M)
}
Event: 0.630 {heap After GC invocations=5 (full 0):
 garbage-first heap   total reserved 4114432K, committed 36864K, used 9399K [0x0000000704e00000, 0x0000000800000000)
  region size 2M, 0 eden (0M), 1 survivor (2M), 5 old (10M), 0 humongous (0M), 12 free (24M)
}
Event: 0.745 {heap Before GC invocations=5 (full 0):
 garbage-first heap   total reserved 4114432K, committed 36864K, used 17591K [0x0000000704e00000, 0x0000000800000000)
  region size 2M, 4 eden (8M), 1 survivor (2M), 5 old (10M), 0 humongous (0M), 8 free (16M)
}
Event: 0.749 {heap After GC invocations=6 (full 0):
 garbage-first heap   total reserved 4114432K, committed 36864K, used 9907K [0x0000000704e00000, 0x0000000800000000)
  region size 2M, 0 eden (0M), 1 survivor (2M), 5 old (10M), 0 humongous (0M), 12 free (24M)
}
Event: 0.828 {heap Before GC invocations=6 (full 0):
 garbage-first heap   total reserved 4114432K, committed 36864K, used 18099K [0x0000000704e00000, 0x0000000800000000)
  region size 2M, 5 eden (10M), 1 survivor (2M), 5 old (10M), 0 humongous (0M), 7 free (14M)
}
Event: 0.830 {heap After GC invocations=7 (full 0):
 garbage-first heap   total reserved 4114432K, committed 110592K, used 10362K [0x0000000704e00000, 0x0000000800000000)
  region size 2M, 0 eden (0M), 1 survivor (2M), 5 old (10M), 0 humongous (0M), 48 free (96M)
}
Event: 1.127 {heap Before GC invocations=7 (full 0):
 garbage-first heap   total reserved 4114432K, committed 110592K, used 43130K [0x0000000704e00000, 0x0000000800000000)
  region size 2M, 18 eden (36M), 1 survivor (2M), 5 old (10M), 0 humongous (0M), 30 free (60M)
}
Event: 1.133 {heap After GC invocations=8 (full 0):
 garbage-first heap   total reserved 4114432K, committed 110592K, used 16101K [0x0000000704e00000, 0x0000000800000000)
  region size 2M, 0 eden (0M), 3 survivor (6M), 6 old (12M), 0 humongous (0M), 45 free (90M)
}

Metaspace Usage History (16 events):
Event: 0.163 {metaspace Before GC invocations=0 (full 0):
 Metaspace       used 396K, committed 640K, reserved 1114112K
  class space    used 9K, committed 128K, reserved 1048576K
}
Event: 0.165 {metaspace After GC invocations=1 (full 0):
 Metaspace       used 396K, committed 640K, reserved 1114112K
  class space    used 9K, committed 128K, reserved 1048576K
}
Event: 0.173 {metaspace Before GC invocations=1 (full 0):
 Metaspace       used 406K, committed 640K, reserved 1114112K
  class space    used 9K, committed 128K, reserved 1048576K
}
Event: 0.175 {metaspace After GC invocations=2 (full 0):
 Metaspace       used 406K, committed 640K, reserved 1114112K
  class space    used 9K, committed 128K, reserved 1048576K
}
Event: 0.192 {metaspace Before GC invocations=2 (full 0):
 Metaspace       used 426K, committed 640K, reserved 1114112K
  class space    used 9K, committed 128K, reserved 1048576K
}
Event: 0.194 {metaspace After GC invocations=3 (full 0):
 Metaspace       used 426K, committed 640K, reserved 1114112K
  class space    used 9K, committed 128K, reserved 1048576K
}
Event: 0.470 {metaspace Before GC invocations=3 (full 0):
 Metaspace       used 4309K, committed 4544K, reserved 1114112K
  class space    used 461K, committed 576K, reserved 1048576K
}
Event: 0.473 {metaspace After GC invocations=4 (full 0):
 Metaspace       used 4309K, committed 4544K, reserved 1114112K
  class space    used 461K, committed 576K, reserved 1048576K
}
Event: 0.627 {metaspace Before GC invocations=4 (full 0):
 Metaspace       used 7125K, committed 7360K, reserved 1114112K
  class space    used 842K, committed 960K, reserved 1048576K
}
Event: 0.630 {metaspace After GC invocations=5 (full 0):
 Metaspace       used 7125K, committed 7360K, reserved 1114112K
  class space    used 842K, committed 960K, reserved 1048576K
}
Event: 0.745 {metaspace Before GC invocations=5 (full 0):
 Metaspace       used 8611K, committed 8832K, reserved 1114112K
  class space    used 1056K, committed 1152K, reserved 1048576K
}
Event: 0.749 {metaspace After GC invocations=6 (full 0):
 Metaspace       used 8611K, committed 8832K, reserved 1114112K
  class space    used 1056K, committed 1152K, reserved 1048576K
}
Event: 0.828 {metaspace Before GC invocations=6 (full 0):
 Metaspace       used 11281K, committed 11520K, reserved 1114112K
  class space    used 1419K, committed 1536K, reserved 1048576K
}
Event: 0.830 {metaspace After GC invocations=7 (full 0):
 Metaspace       used 11281K, committed 11520K, reserved 1114112K
  class space    used 1419K, committed 1536K, reserved 1048576K
}
Event: 1.127 {metaspace Before GC invocations=7 (full 0):
 Metaspace       used 21237K, committed 21504K, reserved 1114112K
  class space    used 2638K, committed 2816K, reserved 1048576K
}
Event: 1.133 {metaspace After GC invocations=8 (full 0):
 Metaspace       used 21237K, committed 21504K, reserved 1114112K
  class space    used 2638K, committed 2816K, reserved 1048576K
}

Dll operation events (18 events):
Event: 0.009 Attempting to load shared library C:\Users\Ganes\.jdks\openjdk-26\bin\java.dll
Event: 0.009 Loaded shared library C:\Users\Ganes\.jdks\openjdk-26\bin\java.dll
Event: 0.122 Attempting to load shared library C:\Users\Ganes\.jdks\openjdk-26\bin\zip.dll
Event: 0.123 Loaded shared library C:\Users\Ganes\.jdks\openjdk-26\bin\zip.dll
Event: 0.125 Attempting to load shared library C:\Users\Ganes\.jdks\openjdk-26\bin\instrument.dll
Event: 0.125 Loaded shared library C:\Users\Ganes\.jdks\openjdk-26\bin\instrument.dll
Event: 0.128 Attempting to load shared library C:\Users\Ganes\.jdks\openjdk-26\bin\net.dll
Event: 0.129 Loaded shared library C:\Users\Ganes\.jdks\openjdk-26\bin\net.dll
Event: 0.130 Attempting to load shared library C:\Users\Ganes\.jdks\openjdk-26\bin\nio.dll
Event: 0.130 Loaded shared library C:\Users\Ganes\.jdks\openjdk-26\bin\nio.dll
Event: 0.132 Attempting to load shared library C:\Users\Ganes\.jdks\openjdk-26\bin\zip.dll
Event: 0.132 Loaded shared library C:\Users\Ganes\.jdks\openjdk-26\bin\zip.dll
Event: 0.230 Attempting to load shared library C:\Users\Ganes\.jdks\openjdk-26\bin\extnet.dll
Event: 0.233 Loaded shared library C:\Users\Ganes\.jdks\openjdk-26\bin\extnet.dll
Event: 0.254 Attempting to load shared library C:\Users\Ganes\.jdks\openjdk-26\bin\jimage.dll
Event: 0.254 Loaded shared library C:\Users\Ganes\.jdks\openjdk-26\bin\jimage.dll
Event: 1.000 Attempting to load shared library C:\Users\Ganes\.jdks\openjdk-26\bin\sunmscapi.dll
Event: 1.001 Loaded shared library C:\Users\Ganes\.jdks\openjdk-26\bin\sunmscapi.dll

Deoptimization events (20 events):
Event: 1.096 Thread 0x0000018d7652c280 DEOPT PACKING pc=0x0000018d07b8a79c sp=0x0000000dbe1fe460
Event: 1.096 Thread 0x0000018d7652c280 DEOPT UNPACKING pc=0x0000018d07652282 sp=0x0000000dbe1fe3f0 mode 2
Event: 1.135 Thread 0x0000018d7652c280 DEOPT PACKING pc=0x0000018d00077d9c sp=0x0000000dbe1fea30
Event: 1.135 Thread 0x0000018d7652c280 DEOPT UNPACKING pc=0x0000018d07581a02 sp=0x0000000dbe1fdf28 mode 0
Event: 1.136 Thread 0x0000018d7652c280 DEOPT PACKING pc=0x0000018d00077d9c sp=0x0000000dbe1fea30
Event: 1.136 Thread 0x0000018d7652c280 DEOPT UNPACKING pc=0x0000018d07581a02 sp=0x0000000dbe1fdf28 mode 0
Event: 1.136 Thread 0x0000018d7652c280 DEOPT PACKING pc=0x0000018d00077d9c sp=0x0000000dbe1fea30
Event: 1.136 Thread 0x0000018d7652c280 DEOPT UNPACKING pc=0x0000018d07581a02 sp=0x0000000dbe1fdf28 mode 0
Event: 1.137 Thread 0x0000018d7652c280 DEOPT PACKING pc=0x0000018d00077d9c sp=0x0000000dbe1fea30
Event: 1.137 Thread 0x0000018d7652c280 DEOPT UNPACKING pc=0x0000018d07581a02 sp=0x0000000dbe1fdf28 mode 0
Event: 1.137 Thread 0x0000018d7652c280 DEOPT PACKING pc=0x0000018d00077d9c sp=0x0000000dbe1fea30
Event: 1.137 Thread 0x0000018d7652c280 DEOPT UNPACKING pc=0x0000018d07581a02 sp=0x0000000dbe1fdf28 mode 0
Event: 1.139 Thread 0x0000018d7652c280 DEOPT PACKING pc=0x0000018d00077d9c sp=0x0000000dbe1fea30
Event: 1.139 Thread 0x0000018d7652c280 DEOPT UNPACKING pc=0x0000018d07581a02 sp=0x0000000dbe1fdf28 mode 0
Event: 1.140 Thread 0x0000018d7652c280 DEOPT PACKING pc=0x0000018d00077d9c sp=0x0000000dbe1fea30
Event: 1.140 Thread 0x0000018d7652c280 DEOPT UNPACKING pc=0x0000018d07581a02 sp=0x0000000dbe1fdf28 mode 0
Event: 1.140 Thread 0x0000018d7652c280 DEOPT PACKING pc=0x0000018d00077d9c sp=0x0000000dbe1fea30
Event: 1.140 Thread 0x0000018d7652c280 DEOPT UNPACKING pc=0x0000018d07581a02 sp=0x0000000dbe1fdf28 mode 0
Event: 1.141 Thread 0x0000018d7652c280 DEOPT PACKING pc=0x0000018d00077d9c sp=0x0000000dbe1fea30
Event: 1.141 Thread 0x0000018d7652c280 DEOPT UNPACKING pc=0x0000018d07581a02 sp=0x0000000dbe1fdf28 mode 0

Classes loaded (20 events):
Event: 1.037 Loading class jdk/xml/internal/JdkConstants
Event: 1.038 Loading class jdk/xml/internal/JdkConstants done
Event: 1.038 Loading class jdk/xml/internal/JdkProperty
Event: 1.038 Loading class jdk/xml/internal/JdkProperty done
Event: 1.048 Loading class java/lang/invoke/MethodHandleImpl$CountingWrapper$1
Event: 1.049 Loading class java/lang/invoke/MethodHandleImpl$CountingWrapper$1 done
Event: 1.068 Loading class jdk/internal/classfile/impl/AnnotationImpl$OfAnnotationImpl
Event: 1.068 Loading class jdk/internal/classfile/impl/AnnotationImpl$OfAnnotationImpl done
Event: 1.089 Loading class jdk/internal/classfile/impl/AbstractAttributeMapper$AnnotationDefaultMapper
Event: 1.089 Loading class jdk/internal/classfile/impl/AbstractAttributeMapper$AnnotationDefaultMapper done
Event: 1.089 Loading class jdk/internal/classfile/impl/BoundAttribute$BoundAnnotationDefaultAttr
Event: 1.089 Loading class java/lang/classfile/attribute/AnnotationDefaultAttribute
Event: 1.089 Loading class java/lang/classfile/attribute/AnnotationDefaultAttribute done
Event: 1.089 Loading class jdk/internal/classfile/impl/BoundAttribute$BoundAnnotationDefaultAttr done
Event: 1.090 Loading class jdk/internal/classfile/impl/AnnotationImpl$OfEnumImpl
Event: 1.090 Loading class jdk/internal/classfile/impl/AnnotationImpl$OfEnumImpl done
Event: 1.091 Loading class java/lang/reflect/AnnotatedType
Event: 1.091 Loading class java/lang/reflect/AnnotatedType done
Event: 1.143 Loading class java/lang/Thread$ThreadNumbering
Event: 1.144 Loading class java/lang/Thread$ThreadNumbering done

Classes unloaded (0 events):
No events

Classes redefined (0 events):
No events

Internal exceptions (20 events):
Event: 0.701 Thread 0x0000018d7652c280 Exception <a 'java/lang/NoSuchMethodError'{0x000000070696b340}: 'java.lang.Object java.lang.invoke.Invokers$Holder.linkToTargetMethod(java.lang.Object, java.lang.Object, int, java.lang.Object, java.lang.Object)'> (0x000000070696b340) 
thrown [s\open\src\hotspot\share\interpreter\linkResolver.cpp, line 804]
Event: 0.702 Thread 0x0000018d7652c280 Exception <a 'java/lang/NoSuchMethodError'{0x0000000706987728}: 'int java.lang.invoke.DirectMethodHandle$Holder.invokeSpecialIFC(java.lang.Object, java.lang.Object, java.lang.Object, java.lang.Object)'> (0x0000000706987728) 
thrown [s\open\src\hotspot\share\interpreter\linkResolver.cpp, line 804]
Event: 0.714 Thread 0x0000018d7652c280 Exception <a 'java/lang/NoSuchMethodError'{0x0000000706668300}: 'void java.lang.invoke.DirectMethodHandle$Holder.invokeInterface(java.lang.Object, java.lang.Object, java.lang.Object)'> (0x0000000706668300) 
thrown [s\open\src\hotspot\share\interpreter\linkResolver.cpp, line 804]
Event: 0.724 Thread 0x0000018d7652c280 Exception <a 'java/lang/NoSuchMethodError'{0x00000007066fd390}: 'void java.lang.invoke.DirectMethodHandle$Holder.invokeStaticInit(java.lang.Object, java.lang.Object, java.lang.Object)'> (0x00000007066fd390) 
thrown [s\open\src\hotspot\share\interpreter\linkResolver.cpp, line 804]
Event: 0.729 Thread 0x0000018d7652c280 Exception <a 'java/lang/NoSuchMethodError'{0x000000070674e278}: 'java.lang.Object java.lang.invoke.DirectMethodHandle$Holder.invokeVirtual(java.lang.Object, java.lang.Object, java.lang.Object)'> (0x000000070674e278) 
thrown [s\open\src\hotspot\share\interpreter\linkResolver.cpp, line 804]
Event: 0.754 Thread 0x0000018d7652c280 Exception <a 'java/lang/NoSuchMethodError'{0x0000000706c3d890}: 'void java.lang.invoke.DirectMethodHandle$Holder.invokeVirtual(java.lang.Object, java.lang.Object, java.lang.Object, java.lang.Object)'> (0x0000000706c3d890) 
thrown [s\open\src\hotspot\share\interpreter\linkResolver.cpp, line 804]
Event: 0.794 Thread 0x0000018d7652c280 Exception <a 'java/lang/NoSuchMethodError'{0x0000000706845fa8}: 'int java.lang.invoke.DirectMethodHandle$Holder.invokeVirtual(java.lang.Object, java.lang.Object)'> (0x0000000706845fa8) 
thrown [s\open\src\hotspot\share\interpreter\linkResolver.cpp, line 804]
Event: 0.800 Thread 0x0000018d7652c280 Exception <a 'java/lang/IncompatibleClassChangeError'{0x000000070696fcf0}: Found class java.lang.Object, but interface was expected> (0x000000070696fcf0) 
thrown [s\open\src\hotspot\share\interpreter\linkResolver.cpp, line 871]
Event: 0.824 Thread 0x0000018d1be2f260 Exception <a 'java/lang/NoSuchMethodError'{0x00000007065614b8}: 'java.lang.Object java.lang.invoke.Invokers$Holder.linkToTargetMethod(java.lang.Object, int, java.lang.Object, java.lang.Object)'> (0x00000007065614b8) 
thrown [s\open\src\hotspot\share\interpreter\linkResolver.cpp, line 804]
Event: 0.895 Thread 0x0000018d7652c280 Implicit null exception at 0x0000018d07adba9d to 0x0000018d07adbb15
Event: 0.937 Thread 0x0000018d1be2f260 Exception <a 'java/lang/NoSuchMethodError'{0x000000070a92e670}: 'long java.lang.invoke.DirectMethodHandle$Holder.invokeSpecial(java.lang.Object, java.lang.Object)'> (0x000000070a92e670) 
thrown [s\open\src\hotspot\share\interpreter\linkResolver.cpp, line 804]
Event: 0.938 Thread 0x0000018d1be2f260 Exception <a 'java/lang/NoSuchMethodError'{0x000000070a979440}: 'long java.lang.invoke.DirectMethodHandle$Holder.invokeStatic(java.lang.Object, java.lang.Object)'> (0x000000070a979440) 
thrown [s\open\src\hotspot\share\interpreter\linkResolver.cpp, line 804]
Event: 0.938 Thread 0x0000018d1be2f260 Exception <a 'java/lang/NoSuchMethodError'{0x000000070a9811e8}: 'long java.lang.invoke.DirectMethodHandle$Holder.invokeStaticInit(java.lang.Object, java.lang.Object)'> (0x000000070a9811e8) 
thrown [s\open\src\hotspot\share\interpreter\linkResolver.cpp, line 804]
Event: 0.939 Thread 0x0000018d1be2f260 Exception <a 'java/lang/NoSuchMethodError'{0x000000070a9a68d0}: 'long java.lang.invoke.DirectMethodHandle$Holder.invokeInterface(java.lang.Object, java.lang.Object)'> (0x000000070a9a68d0) 
thrown [s\open\src\hotspot\share\interpreter\linkResolver.cpp, line 804]
Event: 0.939 Thread 0x0000018d1be2f260 Exception <a 'java/lang/IncompatibleClassChangeError'{0x000000070a9ae588}: Found class java.lang.Object, but interface was expected> (0x000000070a9ae588) 
thrown [s\open\src\hotspot\share\interpreter\linkResolver.cpp, line 871]
Event: 0.962 Thread 0x0000018d1be2f260 Exception <a 'java/lang/NoSuchMethodError'{0x000000070a4e9cd0}: 'java.lang.Object java.lang.invoke.DirectMethodHandle$Holder.newInvokeSpecial(java.lang.Object, java.lang.Object, java.lang.Object, int)'> (0x000000070a4e9cd0) 
thrown [s\open\src\hotspot\share\interpreter\linkResolver.cpp, line 804]
Event: 0.963 Thread 0x0000018d1be2f260 Exception <a 'java/lang/NoSuchMethodError'{0x000000070a4f27e8}: 'java.lang.Object java.lang.invoke.Invokers$Holder.linkToTargetMethod(java.lang.Object, java.lang.Object, int, java.lang.Object)'> (0x000000070a4f27e8) 
thrown [s\open\src\hotspot\share\interpreter\linkResolver.cpp, line 804]
Event: 0.983 Thread 0x0000018d7652c280 Exception <a 'java/lang/NoSuchMethodError'{0x000000070a31b128}: 'int java.lang.invoke.DirectMethodHandle$Holder.invokeSpecial(java.lang.Object, java.lang.Object, java.lang.Object, java.lang.Object, java.lang.Object)'> (0x000000070a31b128) 
thrown [s\open\src\hotspot\share\interpreter\linkResolver.cpp, line 804]
Event: 0.985 Thread 0x0000018d7652c280 Exception <a 'java/lang/NoSuchMethodError'{0x000000070a34edd0}: 'void java.lang.invoke.DirectMethodHandle$Holder.invokeVirtual(java.lang.Object, java.lang.Object)'> (0x000000070a34edd0) 
thrown [s\open\src\hotspot\share\interpreter\linkResolver.cpp, line 804]
Event: 1.016 Thread 0x0000018d7652c280 Exception <a 'java/lang/NoSuchMethodError'{0x0000000709e08640}: 'java.lang.Object java.lang.invoke.DirectMethodHandle$Holder.invokeStatic(java.lang.Object, java.lang.Object, int)'> (0x0000000709e08640) 
thrown [s\open\src\hotspot\share\interpreter\linkResolver.cpp, line 804]

VM Operations (20 events):
Event: 0.828 Executing safepoint VM operation: G1CollectForAllocation (G1 Evacuation Pause)
Event: 0.830 Executing safepoint VM operation: G1CollectForAllocation (G1 Evacuation Pause) done
Event: 0.858 Executing non-safepoint VM operation: HandshakeAllThreads (Deoptimize)
Event: 0.858 Executing non-safepoint VM operation: HandshakeAllThreads (Deoptimize) done
Event: 0.969 Executing non-safepoint VM operation: HandshakeAllThreads (Deoptimize)
Event: 0.969 Executing non-safepoint VM operation: HandshakeAllThreads (Deoptimize) done
Event: 0.979 Executing non-safepoint VM operation: HandshakeAllThreads (Deoptimize)
Event: 0.979 Executing non-safepoint VM operation: HandshakeAllThreads (Deoptimize) done
Event: 0.987 Executing non-safepoint VM operation: HandshakeAllThreads (Deoptimize)
Event: 0.987 Executing non-safepoint VM operation: HandshakeAllThreads (Deoptimize) done
Event: 1.005 Executing non-safepoint VM operation: HandshakeAllThreads (Deoptimize)
Event: 1.005 Executing non-safepoint VM operation: HandshakeAllThreads (Deoptimize) done
Event: 1.010 Executing non-safepoint VM operation: HandshakeAllThreads (Deoptimize)
Event: 1.010 Executing non-safepoint VM operation: HandshakeAllThreads (Deoptimize) done
Event: 1.127 Executing safepoint VM operation: CollectForMetadataAllocation (Metadata GC Threshold)
Event: 1.133 Executing safepoint VM operation: CollectForMetadataAllocation (Metadata GC Threshold) done
Event: 1.137 Executing safepoint VM operation: G1PauseRemark
Event: 1.139 Executing safepoint VM operation: G1PauseRemark done
Event: 1.141 Executing safepoint VM operation: G1PauseCleanup
Event: 1.141 Executing safepoint VM operation: G1PauseCleanup done

Memory protections (0 events):
No events

Nmethod flushes (0 events):
No events

Events (15 events):
Event: 0.022 Thread 0x0000018d7652c280 Thread added: 0x0000018d7652c280
Event: 0.034 Thread 0x0000018d7652c280 Thread added: 0x0000018d7f9d7b40
Event: 0.034 Thread 0x0000018d7652c280 Thread added: 0x0000018d7f9d8590
Event: 0.034 Thread 0x0000018d7652c280 Thread added: 0x0000018d7f9d93e0
Event: 0.034 Thread 0x0000018d7652c280 Thread added: 0x0000018d7f9db0d0
Event: 0.034 Thread 0x0000018d7652c280 Thread added: 0x0000018d7f9dddc0
Event: 0.034 Thread 0x0000018d7652c280 Thread added: 0x0000018d7f9e0980
Event: 0.034 Thread 0x0000018d7652c280 Thread added: 0x0000018d7fa0dd70
Event: 0.035 Thread 0x0000018d7652c280 Thread added: 0x0000018d7fa0f580
Event: 0.127 Thread 0x0000018d7652c280 Thread added: 0x0000018d16d788a0
Event: 0.142 Thread 0x0000018d7fa0f580 Thread added: 0x0000018d16e37280
Event: 0.209 Thread 0x0000018d7652c280 Thread added: 0x0000018d1b3228e0
Event: 0.209 Thread 0x0000018d7652c280 Thread added: 0x0000018d1b323090
Event: 0.792 Thread 0x0000018d7652c280 Thread added: 0x0000018d1be2f260
Event: 1.144 Thread 0x0000018d7652c280 Thread added: 0x0000018d1c94aff0


Dynamic libraries:
0x00007ff64c720000 - 0x00007ff64c72e000 	C:\Users\Ganes\.jdks\openjdk-26\bin\java.exe
0x00007ff829dc0000 - 0x00007ff82a027000 	C:\WINDOWS\SYSTEM32\ntdll.dll
0x00007ff8286c0000 - 0x00007ff828789000 	C:\WINDOWS\System32\KERNEL32.DLL
0x00007ff826bb0000 - 0x00007ff826fa4000 	C:\WINDOWS\System32\KERNELBASE.dll
0x00007ff8268f0000 - 0x00007ff826a3b000 	C:\WINDOWS\System32\ucrtbase.dll
0x00007ff80afa0000 - 0x00007ff80afbe000 	C:\Users\Ganes\.jdks\openjdk-26\bin\VCRUNTIME140.dll
0x00007ff809440000 - 0x00007ff809457000 	C:\Users\Ganes\.jdks\openjdk-26\bin\jli.dll
0x00007ff8298d0000 - 0x00007ff829a95000 	C:\WINDOWS\System32\USER32.dll
0x00007ff826810000 - 0x00007ff826837000 	C:\WINDOWS\System32\win32u.dll
0x00007ff810690000 - 0x00007ff810923000 	C:\WINDOWS\WinSxS\amd64_microsoft.windows.common-controls_6595b64144ccf1df_6.0.26100.8115_none_3e075c82e3354f9c\COMCTL32.dll
0x00007ff828b20000 - 0x00007ff828bc9000 	C:\WINDOWS\System32\msvcrt.dll
0x00007ff828cb0000 - 0x00007ff828cdb000 	C:\WINDOWS\System32\GDI32.dll
0x00007ff827970000 - 0x00007ff827a9b000 	C:\WINDOWS\System32\gdi32full.dll
0x00007ff827aa0000 - 0x00007ff827b43000 	C:\WINDOWS\System32\msvcp_win.dll
0x00007ff828680000 - 0x00007ff8286b2000 	C:\WINDOWS\System32\IMM32.DLL
0x00007ff814a70000 - 0x00007ff814a7c000 	C:\Users\Ganes\.jdks\openjdk-26\bin\vcruntime140_1.dll
0x00007ffff6f50000 - 0x00007ffff6fdd000 	C:\Users\Ganes\.jdks\openjdk-26\bin\msvcp140.dll
0x00007fff453e0000 - 0x00007fff462ae000 	C:\Users\Ganes\.jdks\openjdk-26\bin\server\jvm.dll
0x00007ff828ce0000 - 0x00007ff828d96000 	C:\WINDOWS\System32\ADVAPI32.dll
0x00007ff8280f0000 - 0x00007ff828197000 	C:\WINDOWS\System32\sechost.dll
0x00007ff829590000 - 0x00007ff8296a8000 	C:\WINDOWS\System32\RPCRT4.dll
0x00007ff827f50000 - 0x00007ff827fd0000 	C:\WINDOWS\System32\WS2_32.dll
0x00007ff81d240000 - 0x00007ff81d276000 	C:\WINDOWS\SYSTEM32\WINMM.dll
0x00007ff826510000 - 0x00007ff82656e000 	C:\WINDOWS\SYSTEM32\POWRPROF.dll
0x00007ff8200c0000 - 0x00007ff8200cb000 	C:\WINDOWS\SYSTEM32\VERSION.dll
0x00007ff8264f0000 - 0x00007ff826504000 	C:\WINDOWS\SYSTEM32\UMPDC.dll
0x00007ff825360000 - 0x00007ff82537b000 	C:\WINDOWS\SYSTEM32\kernel.appcore.dll
0x00007ff8120b0000 - 0x00007ff8120ba000 	C:\Users\Ganes\.jdks\openjdk-26\bin\jimage.dll
0x00007ff824450000 - 0x00007ff824692000 	C:\WINDOWS\SYSTEM32\DBGHELP.DLL
0x00007ff828790000 - 0x00007ff828b12000 	C:\WINDOWS\System32\combase.dll
0x00007ff828bd0000 - 0x00007ff828ca8000 	C:\WINDOWS\System32\OLEAUT32.dll
0x00007ff8200e0000 - 0x00007ff82011b000 	C:\WINDOWS\SYSTEM32\dbgcore.DLL
0x00007ff826840000 - 0x00007ff8268e5000 	C:\WINDOWS\System32\bcryptPrimitives.dll
0x00007ff811ff0000 - 0x00007ff812000000 	C:\Users\Ganes\.jdks\openjdk-26\bin\instrument.dll
0x00007ff809380000 - 0x00007ff80939f000 	C:\Users\Ganes\.jdks\openjdk-26\bin\java.dll
0x00007ff827bd0000 - 0x00007ff827d67000 	C:\WINDOWS\System32\ole32.dll
0x00007ff828da0000 - 0x00007ff829507000 	C:\WINDOWS\System32\SHELL32.dll
0x00007ff826a40000 - 0x00007ff826baa000 	C:\WINDOWS\System32\wintypes.dll
0x00007ff826fb0000 - 0x00007ff827818000 	C:\WINDOWS\System32\windows.storage.dll
0x00007ff827fe0000 - 0x00007ff8280d8000 	C:\WINDOWS\System32\SHCORE.dll
0x00007ff827b60000 - 0x00007ff827bc6000 	C:\WINDOWS\System32\shlwapi.dll
0x00007ff8265b0000 - 0x00007ff8265d9000 	C:\WINDOWS\SYSTEM32\profapi.dll
0x00007ff808ea0000 - 0x00007ff808eb7000 	C:\Users\Ganes\.jdks\openjdk-26\bin\zip.dll
0x00007ff809360000 - 0x00007ff809372000 	C:\Users\Ganes\.jdks\openjdk-26\bin\net.dll
0x00007ff825990000 - 0x00007ff8259fc000 	C:\WINDOWS\system32\mswsock.dll
0x00007ff809250000 - 0x00007ff809266000 	C:\Users\Ganes\.jdks\openjdk-26\bin\nio.dll
0x00007ff809ff0000 - 0x00007ff809ff9000 	C:\Users\Ganes\.jdks\openjdk-26\bin\extnet.dll
0x00007ff811570000 - 0x00007ff81157e000 	C:\Users\Ganes\.jdks\openjdk-26\bin\sunmscapi.dll
0x00007ff826690000 - 0x00007ff826807000 	C:\WINDOWS\System32\CRYPT32.dll
0x00007ff825e90000 - 0x00007ff825ec0000 	C:\WINDOWS\SYSTEM32\ncrypt.dll
0x00007ff825e40000 - 0x00007ff825e7f000 	C:\WINDOWS\SYSTEM32\NTASN1.dll

JVMTI agents:
C:\Program Files\JetBrains\IntelliJ IDEA 2026.1\lib\idea_rt.jar path:C:\Users\Ganes\.jdks\openjdk-26\bin\instrument.dll, loaded, initialized, instrumentlib options:50449

dbghelp: loaded successfully - version: 4.0.5 - missing functions: none
symbol engine: initialized successfully - sym options: 0x614 - pdb path: .;C:\Users\Ganes\.jdks\openjdk-26\bin;C:\WINDOWS\SYSTEM32;C:\WINDOWS\WinSxS\amd64_microsoft.windows.common-controls_6595b64144ccf1df_6.0.26100.8115_none_3e075c82e3354f9c;C:\Users\Ganes\.jdks\openjdk-26\bin\server

VM Arguments:
jvm_args: -javaagent:C:\Program Files\JetBrains\IntelliJ IDEA 2026.1\lib\idea_rt.jar=50449 -Dfile.encoding=UTF-8 -Dsun.stdout.encoding=UTF-8 -Dsun.stderr.encoding=UTF-8 
java_command: com.catering.catersync.CaterSyncApplication
java_class_path (initial): C:\Users\Ganes\Downloads\catering-organizer\CaterSync\backend\target\classes;C:\Users\Ganes\.m2\repository\org\springframework\boot\spring-boot-starter-webmvc\4.0.5\spring-boot-starter-webmvc-4.0.5.jar;C:\Users\Ganes\.m2\repository\org\springframework\boot\spring-boot-starter\4.0.5\spring-boot-starter-4.0.5.jar;C:\Users\Ganes\.m2\repository\org\springframework\boot\spring-boot-starter-logging\4.0.5\spring-boot-starter-logging-4.0.5.jar;C:\Users\Ganes\.m2\repository\ch\qos\logback\logback-classic\1.5.32\logback-classic-1.5.32.jar;C:\Users\Ganes\.m2\repository\ch\qos\logback\logback-core\1.5.32\logback-core-1.5.32.jar;C:\Users\Ganes\.m2\repository\org\apache\logging\log4j\log4j-to-slf4j\2.25.3\log4j-to-slf4j-2.25.3.jar;C:\Users\Ganes\.m2\repository\org\apache\logging\log4j\log4j-api\2.25.3\log4j-api-2.25.3.jar;C:\Users\Ganes\.m2\repository\org\slf4j\jul-to-slf4j\2.0.17\jul-to-slf4j-2.0.17.jar;C:\Users\Ganes\.m2\repository\org\springframework\boot\spring-boot-autoconfigure\4.0.5\spring-boot-autoconfigure-4.0.5.jar;C:\Users\Ganes\.m2\repository\jakarta\annotation\jakarta.annotation-api\3.0.0\jakarta.annotation-api-3.0.0.jar;C:\Users\Ganes\.m2\repository\org\yaml\snakeyaml\2.5\snakeyaml-2.5.jar;C:\Users\Ganes\.m2\repository\org\springframework\boot\spring-boot-starter-jackson\4.0.5\spring-boot-starter-jackson-4.0.5.jar;C:\Users\Ganes\.m2\repository\org\springframework\boot\spring-boot-jackson\4.0.5\spring-boot-jackson-4.0.5.jar;C:\Users\Ganes\.m2\repository\tools\jackson\core\jackson-databind\3.1.0\jackson-databind-3.1.0.jar;C:\Users\Ganes\.m2\repository\com\fasterxml\jackson\core\jackson-annotations\2.21\jackson-annotations-2.21.jar;C:\Users\Ganes\.m2\repository\tools\jackson\core\jackson-core\3.1.0\jackson-core-3.1.0.jar;C:\Users\Ganes\.m2\repository\org\springframework\boot\spring-boot-starter-tomcat\4.0.5\spring-boot-starter-tomcat-4.0.5.jar;C:\Users\Ganes\.m2\repository\org\springframework\boot\spring-boot-starter-tomcat-runtime\4.0.5\spring-boot-starter-tomcat-runtime-4.0.5.jar;C:\Users\Ganes\.m2\repository\org\apache\tomcat\embed\tomcat-embed-core\11.0.20\tomcat-embed-core-11.0.20.jar;C:\Users\Ganes\.m2\repository\org\apache\tomcat\embed\tomcat-embed-websocket\11.0.20\tomcat-embed-websocket-11.0.20.jar;C:\Users\Ganes\.m2\repository\org\springframework\boot\spring-boot-tomcat\4.0.5\spring-boot-tomcat-4.0.5.jar;C:\Users\Ganes\.m2\repository\org\springframework\boot\spring-boot-http-converter\4.0.5\spring-boot-http-converter-4.0.5.jar;C:\Users\Ganes\.m2\repository\org\springframework\boot\spring-boot\4.0.5\spring-boot-4.0.5.jar;C:\Users\Ganes\.m2\repository\org\springframework\spring-context\7.0.6\spring-context-7.0.6.jar;C:\Users\Ganes\.m2\repository\org\springframework\spring-web\7.0.6\spring-web-7.0.6.jar;C:\Users\Ganes\.m2\repository\org\springframework\spring-beans\7.0.6\spring-beans-7.0.6.jar;C:\Users\Ganes\.m2\repository\org\springframework\boot\spring-boot-webmvc\4.0.5\spring-boot-webmvc-4.0.5.jar;C:\Users\Ganes\.m2\repository\org\springframework\boot\spring-boot-servlet\4.0.5\spring-boot-servlet-4.0.5.jar;C:\Users\Ganes\.m2\repository\org\springframework\spring-webmvc\7.0.6\spring-webmvc-7.0.6.jar;C:\Users\Ganes\.m2\repository\org\springframework\spring-aop\7.0.6\spring-aop-7.0.6.jar;C:\Users\Ganes\.m2\repository\org\springframework\spring-expression\7.0.6\spring-expression-7.0.6.jar;C:\Users\Ganes\.m2\repository\org\springdoc\springdoc-openapi-starter-webmvc-ui\2.8.5\springdoc-openapi-starter-webmvc-ui-2.8.5.jar;C:\Users\Ganes\.m2\repository\org\springdoc\springdoc-openapi-starter-webmvc-api\2.8.5\springdoc-openapi-starter-webmvc-api-2.8.5.jar;C:\Users\Ganes\.m2\repository\org\springdoc\springdoc-openapi-starter-common\2.8.5\springdoc-openapi-starter-common-2.8.5.jar;C:\Users\Ganes\.m2\repository\io\swagger\core\v3\swagger-core-jakarta\2.2.28\swagger-core-jakarta-2.2.28.jar;C:\Users\Ganes\.m2\repository\org\apache\commons\commons-lang3\3.19.0\commons-lang3-3.19.0.jar;C:\Users\Ganes\.m2\repository\io\swagger\core\v3\swagger-annotations-jakarta\2.2.28\swagger-annotations-jakarta-2.2.28.jar;C:\Users\Ganes\.m2\repository\io\swagger\core\v3\swagger-models-jakarta\2.2.28\swagger-models-jakarta-2.2.28.jar;C:\Users\Ganes\.m2\repository\com\fasterxml\jackson\core\jackson-databind\2.21.2\jackson-databind-2.21.2.jar;C:\Users\Ganes\.m2\repository\com\fasterxml\jackson\core\jackson-core\2.21.2\jackson-core-2.21.2.jar;C:\Users\Ganes\.m2\repository\com\fasterxml\jackson\dataformat\jackson-dataformat-yaml\2.21.2\jackson-dataformat-yaml-2.21.2.jar;C:\Users\Ganes\.m2\repository\com\fasterxml\jackson\datatype\jackson-datatype-jsr310\2.21.2\jackson-datatype-jsr310-2.21.2.jar;C:\Users\Ganes\.m2\repository\org\webjars\swagger-ui\5.18.3\swagger-ui-5.18.3.jar;C:\Users\Ganes\.m2\repository\org\webjars\webjars-locator-lite\1.1.3\webjars-locator-lite-1.1.3.jar;C:\Users\Ganes\.m2\repository\org\jspecify\jspecify\1.0.0\jspecify-1.0.0.jar;C:\Users\Ganes\.m2\repository\org\springframework\boot\spring-boot-starter-data-jpa\4.0.5\spring-boot-starter-data-jpa-4.0.5.jar;C:\Users\Ganes\.m2\repository\org\springframework\boot\spring-boot-starter-jdbc\4.0.5\spring-boot-starter-jdbc-4.0.5.jar;C:\Users\Ganes\.m2\repository\com\zaxxer\HikariCP\7.0.2\HikariCP-7.0.2.jar;C:\Users\Ganes\.m2\repository\org\slf4j\slf4j-api\2.0.17\slf4j-api-2.0.17.jar;C:\Users\Ganes\.m2\repository\org\springframework\boot\spring-boot-data-jpa\4.0.5\spring-boot-data-jpa-4.0.5.jar;C:\Users\Ganes\.m2\repository\org\springframework\boot\spring-boot-data-commons\4.0.5\spring-boot-data-commons-4.0.5.jar;C:\Users\Ganes\.m2\repository\org\springframework\boot\spring-boot-persistence\4.0.5\spring-boot-persistence-4.0.5.jar;C:\Users\Ganes\.m2\repository\org\springframework\data\spring-data-commons\4.0.4\spring-data-commons-4.0.4.jar;C:\Users\Ganes\.m2\repository\org\springframework\boot\spring-boot-hibernate\4.0.5\spring-boot-hibernate-4.0.5.jar;C:\Users\Ganes\.m2\repository\org\springframework\boot\spring-boot-jpa\4.0.5\spring-boot-jpa-4.0.5.jar;C:\Users\Ganes\.m2\repository\jakarta\persistence\jakarta.persistence-api\3.2.0\jakarta.persistence-api-3.2.0.jar;C:\Users\Ganes\.m2\repository\org\hibernate\orm\hibernate-core\7.2.7.Final\hibernate-core-7.2.7.Final.jar;C:\Users\Ganes\.m2\repository\jakarta\transaction\jakarta.transaction-api\2.0.1\jakarta.transaction-api-2.0.1.jar;C:\Users\Ganes\.m2\repository\org\hibernate\models\hibernate-models\1.0.1\hibernate-models-1.0.1.jar;C:\Users\Ganes\.m2\repository\org\glassfish\jaxb\jaxb-runtime\4.0.6\jaxb-runtime-4.0.6.jar;C:\Users\Ganes\.m2\repository\org\glassfish\jaxb\jaxb-core\4.0.6\jaxb-core-4.0.6.jar;C:\Users\Ganes\.m2\repository\org\eclipse\angus\angus-activation\2.0.3\angus-activation-2.0.3.jar;C:\Users\Ganes\.m2\repository\org\glassfish\jaxb\txw2\4.0.6\txw2-4.0.6.jar;C:\Users\Ganes\.m2\repository\com\sun\istack\istack-commons-runtime\4.1.2\istack-commons-runtime-4.1.2.jar;C:\Users\Ganes\.m2\repository\jakarta\inject\jakarta.inject-api\2.0.1\jakarta.inject-api-2.0.1.jar;C:\Users\Ganes\.m2\repository\org\springframework\spring-orm\7.0.6\spring-orm-7.0.6.jar;C:\Users\Ganes\.m2\repository\org\springframework\data\spring-data-jpa\4.0.4\spring-data-jpa-4.0.4.jar;C:\Users\Ganes\.m2\repository\org\springframework\spring-tx\7.0.6\spring-tx-7.0.6.jar;C:\Users\Ganes\.m2\repository\org\antlr\antlr4-runtime\4.13.2\antlr4-runtime-4.13.2.jar;C:\Users\Ganes\.m2\repository\org\springframework\spring-aspects\7.0.6\spring-aspects-7.0.6.jar;C:\Users\Ganes\.m2\repository\org\aspectj\aspectjweaver\1.9.25.1\aspectjweaver-1.9.25.1.jar;C:\Users\Ganes\.m2\repository\org\springframework\boot\spring-boot-jdbc\4.0.5\spring-boot-jdbc-4.0.5.jar;C:\Users\Ganes\.m2\repository\org\springframework\boot\spring-boot-sql\4.0.5\spring-boot-sql-4.0.5.jar;C:\Users\Ganes\.m2\repository\org\springframework\boot\spring-boot-transaction\4.0.5\spring-boot-transaction-4.0.5.jar;C:\Users\Ganes\.m2\repository\org\springframework\spring-jdbc\7.0.6\spring-jdbc-7.0.6.jar;C:\Users\Ganes\.m2\repository\org\springframework\boot\spring-boot-starter-actuator\4.0.5\spring-boot-starter-actuator-4.0.5.jar;C:\Users\Ganes\.m2\repository\org\springframework\boot\spring-boot-starter-micrometer-metrics\4.0.5\spring-boot-starter-micrometer-metrics-4.0.5.jar;C:\Users\Ganes\.m2\repository\org\springframework\boot\spring-boot-micrometer-metrics\4.0.5\spring-boot-micrometer-metrics-4.0.5.jar;C:\Users\Ganes\.m2\repository\org\springframework\boot\spring-boot-micrometer-observation\4.0.5\spring-boot-micrometer-observation-4.0.5.jar;C:\Users\Ganes\.m2\repository\org\springframework\boot\spring-boot-actuator-autoconfigure\4.0.5\spring-boot-actuator-autoconfigure-4.0.5.jar;C:\Users\Ganes\.m2\repository\org\springframework\boot\spring-boot-actuator\4.0.5\spring-boot-actuator-4.0.5.jar;C:\Users\Ganes\.m2\repository\org\springframework\boot\spring-boot-health\4.0.5\spring-boot-health-4.0.5.jar;C:\Users\Ganes\.m2\repository\io\micrometer\micrometer-observation\1.16.4\micrometer-observation-1.16.4.jar;C:\Users\Ganes\.m2\repository\io\micrometer\micrometer-commons\1.16.4\micrometer-commons-1.16.4.jar;C:\Users\Ganes\.m2\repository\io\micrometer\micrometer-jakarta9\1.16.4\micrometer-jakarta9-1.16.4.jar;C:\Users\Ganes\.m2\repository\io\micrometer\micrometer-core\1.16.4\micrometer-core-1.16.4.jar;C:\Users\Ganes\.m2\repository\org\hdrhistogram\HdrHistogram\2.2.2\HdrHistogram-2.2.2.jar;C:\Users\Ganes\.m2\repository\org\latencyutils\LatencyUtils\2.0.3\LatencyUtils-2.0.3.jar;C:\Users\Ganes\.m2\repository\org\springframework\boot\spring-boot-starter-validation\4.0.5\spring-boot-starter-validation-4.0.5.jar;C:\Users\Ganes\.m2\repository\org\springframework\boot\spring-boot-validation\4.0.5\spring-boot-validation-4.0.5.jar;C:\Users\Ganes\.m2\repository\org\apache\tomcat\embed\tomcat-embed-el\11.0.20\tomcat-embed-el-11.0.20.jar;C:\Users\Ganes\.m2\repository\org\hibernate\validator\hibernate-validator\9.0.1.Final\hibernate-validator-9.0.1.Final.jar;C:\Users\Ganes\.m2\repository\jakarta\validation\jakarta.validation-api\3.1.1\jakarta.validation-api-3.1.1.jar;C:\Users\Ganes\.m2\repository\org\jboss\logging\jboss-logging\3.6.3.Final\jboss-logging-3.6.3.Final.jar;C:\Users\Ganes\.m2\repository\com\fasterxml\classmate\1.7.3\classmate-1.7.3.jar;C:\Users\Ganes\.m2\repository\com\h2database\h2\2.4.240\h2-2.4.240.jar;C:\Users\Ganes\.m2\repository\jakarta\xml\bind\jakarta.xml.bind-api\4.0.4\jakarta.xml.bind-api-4.0.4.jar;C:\Users\Ganes\.m2\repository\jakarta\activation\jakarta.activation-api\2.1.4\jakarta.activation-api-2.1.4.jar;C:\Users\Ganes\.m2\repository\net\bytebuddy\byte-buddy\1.17.8\byte-buddy-1.17.8.jar;C:\Users\Ganes\.m2\repository\org\springframework\spring-core\7.0.6\spring-core-7.0.6.jar;C:\Users\Ganes\.m2\repository\commons-logging\commons-logging\1.3.6\commons-logging-1.3.6.jar;C:\Users\Ganes\.m2\repository\org\springframework\boot\spring-boot-web-server\4.0.5\spring-boot-web-server-4.0.5.jar
Launcher Type: SUN_STANDARD

[Global flags]
     bool AOTAdapterCaching                        = false                                  {diagnostic} {ergonomic}
     bool AOTInvokeDynamicLinking                  = false                                  {diagnostic} {ergonomic}
     bool AOTRecordTraining                        = false                                  {diagnostic} {ergonomic}
     bool AOTReplayTraining                        = false                                  {diagnostic} {ergonomic}
     bool AOTStubCaching                           = false                                  {diagnostic} {ergonomic}
     intx CICompilerCount                          = 4                                         {product} {ergonomic}
     uint ConcGCThreads                            = 3                                         {product} {ergonomic}
     uint G1ConcRefinementThreads                  = 10                                        {product} {ergonomic}
     uint G1EagerReclaimRemSetThreshold            = 16                                   {experimental} {ergonomic}
   size_t G1HeapRegionSize                         = 2097152                                   {product} {ergonomic}
     uint G1RemSetArrayOfCardsEntries              = 16                                   {experimental} {ergonomic}
     uint G1RemSetHowlMaxNumBuckets                = 8                                    {experimental} {ergonomic}
     uint G1RemSetHowlNumBuckets                   = 8                                    {experimental} {ergonomic}
   size_t InitialHeapSize                          = 8388608                                   {product} {ergonomic}
     bool IntelJccErratumMitigation                = false                             {ARCH diagnostic} {ergonomic}
   size_t MarkStackSize                            = 4194304                                   {product} {ergonomic}
   size_t MarkStackSizeMax                         = 536870912                                 {product} {ergonomic}
   size_t MaxHeapSize                              = 4213178368                                {product} {ergonomic}
   size_t MaxNewSize                               = 2527068160                                {product} {ergonomic}
 uint64_t MaxRAM                                   = 16847937536                               {product} {ergonomic}
   size_t MinHeapDeltaBytes                        = 2097152                                   {product} {ergonomic}
   size_t MinHeapSize                              = 8388608                                   {product} {ergonomic}
   size_t NonNMethodCodeHeapSize                   = 5832704                                {pd product} {ergonomic}
   size_t NonProfiledCodeHeapSize                  = 122945536                              {pd product} {ergonomic}
   size_t ProfiledCodeHeapSize                     = 122880000                              {pd product} {ergonomic}
   size_t ReservedCodeCacheSize                    = 251658240                              {pd product} {ergonomic}
     bool SegmentedCodeCache                       = true                                      {product} {ergonomic}
   size_t SoftMaxHeapSize                          = 4213178368                             {manageable} {ergonomic}
     bool UseCompressedOops                        = true                           {product lp64_product} {ergonomic}
     bool UseCondCardMark                          = true                                      {product} {ergonomic}
     bool UseFastUnorderedTimeStamps               = true                                 {experimental} {ergonomic}
     bool UseG1GC                                  = true                                      {product} {ergonomic}
     bool UseLargePagesIndividualAllocation        = false                                  {pd product} {ergonomic}
      int X86ICacheSync                            = 3                                 {ARCH diagnostic} {ergonomic}

Logging:
Log output configuration:
 #0: stdout all=warning uptime,level,tags foldmultilines=false
 #1: stderr all=off uptime,level,tags foldmultilines=false

Release file:
IMPLEMENTOR="Oracle Corporation" 
JAVA_RUNTIME_VERSION="26+35-2893" 
JAVA_VERSION="26" 
JAVA_VERSION_DATE="2026-03-17" 
LIBC="default" 
MODULES="java.base java.compiler java.datatransfer java.xml java.prefs java.desktop java.instrument java.logging java.management java.security.sasl java.naming java.rmi java.management.rmi java.net.http java.scripting java.security.jgss java.transaction.xa java.sql java.sql.rowset java.xml.crypto java.se java.smartcardio jdk.accessibility jdk.internal.jvmstat jdk.attach jdk.charsets jdk.internal.opt jdk.zipfs jdk.compiler jdk.crypto.cryptoki jdk.crypto.ec jdk.crypto.mscapi jdk.dynalink jdk.internal.ed jdk.editpad jdk.internal.vm.ci jdk.graal.compiler jdk.graal.compiler.management jdk.hotspot.agent jdk.httpserver jdk.incubator.vector jdk.internal.le jdk.internal.md jdk.jartool jdk.javadoc jdk.jcmd jdk.management jdk.management.agent jdk.jconsole jdk.jdeps jdk.jdwp.agent jdk.jdi jdk.jfr jdk.jlink jdk.jpackage jdk.jshell jdk.jstatd jdk.localedata jdk.management.jfr jdk.naming.dns jdk.naming.rmi jdk.net jdk.nio.mapmode jdk.sctp jdk.security.auth jdk.security.jgss jdk.unsupported jdk.unsupported.desktop jdk.xml.dom" 
OS_ARCH="x86_64" 
OS_NAME="Windows" 
SOURCE=".:git:4408cd2a07a1" 

Environment Variables:
JAVA_HOME=C:\Users\Ganes\.jdks\openjdk-26
PATH=C:\Program Files (x86)\Common Files\Oracle\Java\java8path;C:\Program Files (x86)\Common Files\Oracle\Java\javapath;C:\WINDOWS\system32;C:\WINDOWS;C:\WINDOWS\System32\Wbem;C:\WINDOWS\System32\WindowsPowerShell\v1.0\;C:\WINDOWS\System32\OpenSSH\;C:\Users\Ganes\.jdks\openjdk-26;C:\Program Files\Git\cmd;C:\Program Files\dotnet\;C:\Users\Ganes\AppData\Local\Microsoft\WindowsApps;C:\Users\Ganes\AppData\Local\Programs\Microsoft VS Code\bin;C:\Users\Ganes\AppData\Local\Programs\Antigravity\bin
USERNAME=Ganesh
OS=Windows_NT
PROCESSOR_IDENTIFIER=Intel64 Family 6 Model 186 Stepping 3, GenuineIntel
TMP=C:\Users\Ganes\AppData\Local\Temp
TEMP=C:\Users\Ganes\AppData\Local\Temp




Compilation memory statistics disabled.

Periodic native trim disabled

---------------  S Y S T E M  ---------------

OS:
 Windows 11 , 64 bit Build 26100 (10.0.26100.8246)
OS uptime: 20 days 18:30 hours
Hyper-V role detected

CPU: total 12 (initial active 12) (hybrid) family 6 model 186 stepping 3 microcode 0x411f, cx8, cmov, fxsr, ht, mmx, 3dnowpref, sse, sse2, sse3, ssse3, sse4.1, sse4.2, popcnt, lzcnt, tsc, tscinvbit, avx, avx2, aes, erms, clmul, bmi1, bmi2, adx, sha, fma, vzeroupper, clflush, clflushopt, clwb, hv, serialize, rdtscp, rdpid, fsrm, gfni, f16c, cet_ibt, cet_ss, hybrid
Processor Information for processor 0
  Max Mhz: 1700, Current Mhz: 1700, Mhz Limit: 1700
Processor Information for processor 1
  Max Mhz: 1700, Current Mhz: 1700, Mhz Limit: 1700
Processor Information for processor 2
  Max Mhz: 1700, Current Mhz: 1700, Mhz Limit: 1700
Processor Information for processor 3
  Max Mhz: 1700, Current Mhz: 1700, Mhz Limit: 1700
Processor Information for processor 4
  Max Mhz: 1700, Current Mhz: 1200, Mhz Limit: 1190
Processor Information for processor 5
  Max Mhz: 1700, Current Mhz: 1200, Mhz Limit: 1190
Processor Information for processor 6
  Max Mhz: 1700, Current Mhz: 1200, Mhz Limit: 1190
Processor Information for processor 7
  Max Mhz: 1700, Current Mhz: 1200, Mhz Limit: 1190
Processor Information for processor 8
  Max Mhz: 1700, Current Mhz: 1200, Mhz Limit: 1190
Processor Information for processor 9
  Max Mhz: 1700, Current Mhz: 1200, Mhz Limit: 1190
Processor Information for processor 10
  Max Mhz: 1700, Current Mhz: 1200, Mhz Limit: 1190
Processor Information for processor 11
  Max Mhz: 1700, Current Mhz: 1200, Mhz Limit: 1190

Memory: 4k page, system-wide physical 16067M (2264M free)
TotalPageFile size 18678M (AvailPageFile size 2M)
current process WorkingSet (physical memory assigned to process): 167M, peak: 167M
current process commit charge ("private bytes"): 252M, peak: 253M

vm_info: OpenJDK 64-Bit Server VM (26+35-2893) for windows-amd64 JRE (26+35-2893), built on 2026-02-12T17:04:02Z with MS VC++ 17.13 (VS2022)

END.
